{
  "stats": {
    "suites": 2,
    "tests": 1,
    "passes": 1,
    "pending": 0,
    "failures": 0,
    "start": "2026-06-02T19:49:15.134Z",
    "end": "2026-06-02T19:49:16.192Z",
    "duration": 1058,
    "testsRegistered": 1,
    "passPercent": 100,
    "pendingPercent": 0,
    "other": 0,
    "hasOther": false,
    "skipped": 0,
    "hasSkipped": false
  },
  "results": [
    {
      "uuid": "a3ecfa26-9b9d-4082-b892-9f3234837213",
      "title": "",
      "fullFile": "/home/runner/work/fitness-first-ical-proxy/fitness-first-ical-proxy/test/lib/index.ts",
      "file": "/test/lib/index.ts",
      "beforeHooks": [],
      "afterHooks": [],
      "tests": [],
      "suites": [
        {
          "uuid": "38f8f7fb-f5d5-475b-9881-dcf74f32cf48",
          "title": "FitnessFirstIcalProxy",
          "fullFile": "/home/runner/work/fitness-first-ical-proxy/fitness-first-ical-proxy/test/lib/index.ts",
          "file": "/test/lib/index.ts",
          "beforeHooks": [],
          "afterHooks": [],
          "tests": [],
          "suites": [
            {
              "uuid": "789f801c-7896-472b-80b0-b2a8ab6416e6",
              "title": "request()",
              "fullFile": "/home/runner/work/fitness-first-ical-proxy/fitness-first-ical-proxy/test/lib/index.ts",
              "file": "/test/lib/index.ts",
              "beforeHooks": [],
              "afterHooks": [],
              "tests": [
                {
                  "title": "should work without error",
                  "fullTitle": "FitnessFirstIcalProxy request() should work without error",
                  "timedOut": false,
                  "duration": 1050,
                  "state": "passed",
                  "speed": "slow",
                  "pass": true,
                  "fail": false,
                  "pending": false,
                  "context": null,
                  "code": "const calendar=await import_lib.default.request({category_id:\"aqua\",club_id:\"96\"});assert.ok(calendar.length()>0)",
                  "err": {},
                  "uuid": "81755f45-d161-433f-9fe2-d17eb65bd0d4",
                  "parentUUID": "789f801c-7896-472b-80b0-b2a8ab6416e6",
                  "isHook": false,
                  "skipped": false
                }
              ],
              "suites": [],
              "passes": [
                "81755f45-d161-433f-9fe2-d17eb65bd0d4"
              ],
              "failures": [],
              "pending": [],
              "skipped": [],
              "duration": 1050,
              "root": false,
              "rootEmpty": false,
              "_timeout": 10000
            }
          ],
          "passes": [],
          "failures": [],
          "pending": [],
          "skipped": [],
          "duration": 0,
          "root": false,
          "rootEmpty": false,
          "_timeout": 10000
        }
      ],
      "passes": [],
      "failures": [],
      "pending": [],
      "skipped": [],
      "duration": 0,
      "root": true,
      "rootEmpty": true,
      "_timeout": 2000
    }
  ],
  "meta": {
    "mocha": {
      "version": "11.7.6"
    },
    "mochawesome": {
      "options": {
        "quiet": false,
        "reportFilename": "mochawesome",
        "saveHtml": true,
        "saveJson": true,
        "consoleReporter": "spec",
        "useInlineDiffs": false,
        "code": true
      },
      "version": "7.1.4"
    },
    "marge": {
      "options": null,
      "version": "6.3.0"
    }
  }
}