{
  "stats": {
    "suites": 2,
    "tests": 1,
    "passes": 1,
    "pending": 0,
    "failures": 0,
    "start": "2026-07-14T08:15:25.670Z",
    "end": "2026-07-14T08:15:27.114Z",
    "duration": 1444,
    "testsRegistered": 1,
    "passPercent": 100,
    "pendingPercent": 0,
    "other": 0,
    "hasOther": false,
    "skipped": 0,
    "hasSkipped": false
  },
  "results": [
    {
      "uuid": "af795e90-01dd-4ff8-b43d-3107fdd0ebf3",
      "title": "",
      "fullFile": "/home/runner/work/fitness-first-ical-proxy/fitness-first-ical-proxy/test/lib/index.ts",
      "file": "/test/lib/index.ts",
      "beforeHooks": [],
      "afterHooks": [],
      "tests": [],
      "suites": [
        {
          "uuid": "207fc488-7197-42ce-9e2a-c8dd113e6375",
          "title": "FitnessFirstIcalProxy",
          "fullFile": "/home/runner/work/fitness-first-ical-proxy/fitness-first-ical-proxy/test/lib/index.ts",
          "file": "/test/lib/index.ts",
          "beforeHooks": [],
          "afterHooks": [],
          "tests": [],
          "suites": [
            {
              "uuid": "c8d03f2f-ad9f-4ac5-b99b-a88d02c5b672",
              "title": "request()",
              "fullFile": "/home/runner/work/fitness-first-ical-proxy/fitness-first-ical-proxy/test/lib/index.ts",
              "file": "/test/lib/index.ts",
              "beforeHooks": [],
              "afterHooks": [],
              "tests": [
                {
                  "title": "should work without error",
                  "fullTitle": "FitnessFirstIcalProxy request() should work without error",
                  "timedOut": false,
                  "duration": 1439,
                  "state": "passed",
                  "speed": "slow",
                  "pass": true,
                  "fail": false,
                  "pending": false,
                  "context": null,
                  "code": "const calendar=await import_lib.default.request({category_id:\"aqua\",club_id:\"96\"});assert.ok(calendar.length()>0)",
                  "err": {},
                  "uuid": "e190d97f-1205-4d44-a09a-727c504ca830",
                  "parentUUID": "c8d03f2f-ad9f-4ac5-b99b-a88d02c5b672",
                  "isHook": false,
                  "skipped": false
                }
              ],
              "suites": [],
              "passes": [
                "e190d97f-1205-4d44-a09a-727c504ca830"
              ],
              "failures": [],
              "pending": [],
              "skipped": [],
              "duration": 1439,
              "root": false,
              "rootEmpty": false,
              "_timeout": 10000
            }
          ],
          "passes": [],
          "failures": [],
          "pending": [],
          "skipped": [],
          "duration": 0,
          "root": false,
          "rootEmpty": false,
          "_timeout": 10000
        }
      ],
      "passes": [],
      "failures": [],
      "pending": [],
      "skipped": [],
      "duration": 0,
      "root": true,
      "rootEmpty": true,
      "_timeout": 2000
    }
  ],
  "meta": {
    "mocha": {
      "version": "11.7.6"
    },
    "mochawesome": {
      "options": {
        "quiet": false,
        "reportFilename": "mochawesome",
        "saveHtml": true,
        "saveJson": true,
        "consoleReporter": "spec",
        "useInlineDiffs": false,
        "code": true
      },
      "version": "7.1.4"
    },
    "marge": {
      "options": null,
      "version": "6.3.0"
    }
  }
}