{
  "stats": {
    "suites": 2,
    "tests": 1,
    "passes": 1,
    "pending": 0,
    "failures": 0,
    "start": "2024-10-23T06:45:41.229Z",
    "end": "2024-10-23T06:45:41.581Z",
    "duration": 352,
    "testsRegistered": 1,
    "passPercent": 100,
    "pendingPercent": 0,
    "other": 0,
    "hasOther": false,
    "skipped": 0,
    "hasSkipped": false
  },
  "results": [
    {
      "uuid": "acecc4c5-d643-4481-b1a0-dce16702ac93",
      "title": "",
      "fullFile": "/home/runner/work/fitness-first-ical-proxy/fitness-first-ical-proxy/test/lib/index.ts",
      "file": "/test/lib/index.ts",
      "beforeHooks": [],
      "afterHooks": [],
      "tests": [],
      "suites": [
        {
          "uuid": "dab1694c-e651-406a-9c1e-b3243b580008",
          "title": "FitnessFirstIcalProxy",
          "fullFile": "/home/runner/work/fitness-first-ical-proxy/fitness-first-ical-proxy/test/lib/index.ts",
          "file": "/test/lib/index.ts",
          "beforeHooks": [],
          "afterHooks": [],
          "tests": [],
          "suites": [
            {
              "uuid": "c7589f15-dcec-4bb4-adef-0ce3e5340e11",
              "title": "request()",
              "fullFile": "/home/runner/work/fitness-first-ical-proxy/fitness-first-ical-proxy/test/lib/index.ts",
              "file": "/test/lib/index.ts",
              "beforeHooks": [],
              "afterHooks": [],
              "tests": [
                {
                  "title": "should work without error",
                  "fullTitle": "FitnessFirstIcalProxy request() should work without error",
                  "timedOut": false,
                  "duration": 347,
                  "state": "passed",
                  "speed": "slow",
                  "pass": true,
                  "fail": false,
                  "pending": false,
                  "context": null,
                  "code": "const calendar=await FitnessFirstIcalProxy.request({club_id:\"96\",category_id:\"aqua\"});assert.ok(calendar.length()>0)",
                  "err": {},
                  "uuid": "0b45bd1a-4866-42e5-96da-d3427d35a1d7",
                  "parentUUID": "c7589f15-dcec-4bb4-adef-0ce3e5340e11",
                  "isHook": false,
                  "skipped": false
                }
              ],
              "suites": [],
              "passes": [
                "0b45bd1a-4866-42e5-96da-d3427d35a1d7"
              ],
              "failures": [],
              "pending": [],
              "skipped": [],
              "duration": 347,
              "root": false,
              "rootEmpty": false,
              "_timeout": 10000
            }
          ],
          "passes": [],
          "failures": [],
          "pending": [],
          "skipped": [],
          "duration": 0,
          "root": false,
          "rootEmpty": false,
          "_timeout": 10000
        }
      ],
      "passes": [],
      "failures": [],
      "pending": [],
      "skipped": [],
      "duration": 0,
      "root": true,
      "rootEmpty": true,
      "_timeout": 2000
    }
  ],
  "meta": {
    "mocha": {
      "version": "10.7.3"
    },
    "mochawesome": {
      "options": {
        "quiet": false,
        "reportFilename": "mochawesome",
        "saveHtml": true,
        "saveJson": true,
        "consoleReporter": "spec",
        "useInlineDiffs": false,
        "code": true
      },
      "version": "7.1.3"
    },
    "marge": {
      "options": null,
      "version": "6.2.0"
    }
  }
}