{
  "stats": {
    "suites": 2,
    "tests": 1,
    "passes": 1,
    "pending": 0,
    "failures": 0,
    "start": "2024-02-04T16:51:54.813Z",
    "end": "2024-02-04T16:51:56.402Z",
    "duration": 1589,
    "testsRegistered": 1,
    "passPercent": 100,
    "pendingPercent": 0,
    "other": 0,
    "hasOther": false,
    "skipped": 0,
    "hasSkipped": false
  },
  "results": [
    {
      "uuid": "293e607a-9f27-47d7-8a35-bac11f755971",
      "title": "",
      "fullFile": "/home/runner/work/fitness-first-ical-proxy/fitness-first-ical-proxy/test/lib/index.ts",
      "file": "/test/lib/index.ts",
      "beforeHooks": [],
      "afterHooks": [],
      "tests": [],
      "suites": [
        {
          "uuid": "2245a87e-a93d-47a8-ba14-fd54073680de",
          "title": "FitnessFirstIcalProxy",
          "fullFile": "/home/runner/work/fitness-first-ical-proxy/fitness-first-ical-proxy/test/lib/index.ts",
          "file": "/test/lib/index.ts",
          "beforeHooks": [],
          "afterHooks": [],
          "tests": [],
          "suites": [
            {
              "uuid": "ecbd86e9-f32d-4573-9971-4163ed0051fd",
              "title": "request()",
              "fullFile": "/home/runner/work/fitness-first-ical-proxy/fitness-first-ical-proxy/test/lib/index.ts",
              "file": "/test/lib/index.ts",
              "beforeHooks": [],
              "afterHooks": [],
              "tests": [
                {
                  "title": "should work without error",
                  "fullTitle": "FitnessFirstIcalProxy request() should work without error",
                  "timedOut": false,
                  "duration": 1586,
                  "state": "passed",
                  "speed": "slow",
                  "pass": true,
                  "fail": false,
                  "pending": false,
                  "context": null,
                  "code": "return __awaiter(this, void 0, void 0, function* () {\n    const calendar = yield FitnessFirstIcalProxy.request({\n        club_id: '96',\n        category_id: 'aqua'\n    });\n    assert.ok(calendar.length() > 0);\n});",
                  "err": {},
                  "uuid": "553f46c3-c04b-4fcc-a47b-4b477a22bc88",
                  "parentUUID": "ecbd86e9-f32d-4573-9971-4163ed0051fd",
                  "isHook": false,
                  "skipped": false
                }
              ],
              "suites": [],
              "passes": [
                "553f46c3-c04b-4fcc-a47b-4b477a22bc88"
              ],
              "failures": [],
              "pending": [],
              "skipped": [],
              "duration": 1586,
              "root": false,
              "rootEmpty": false,
              "_timeout": 10000
            }
          ],
          "passes": [],
          "failures": [],
          "pending": [],
          "skipped": [],
          "duration": 0,
          "root": false,
          "rootEmpty": false,
          "_timeout": 10000
        }
      ],
      "passes": [],
      "failures": [],
      "pending": [],
      "skipped": [],
      "duration": 0,
      "root": true,
      "rootEmpty": true,
      "_timeout": 2000
    }
  ],
  "meta": {
    "mocha": {
      "version": "10.2.0"
    },
    "mochawesome": {
      "options": {
        "quiet": false,
        "reportFilename": "mochawesome",
        "saveHtml": true,
        "saveJson": true,
        "consoleReporter": "spec",
        "useInlineDiffs": false,
        "code": true
      },
      "version": "7.1.3"
    },
    "marge": {
      "options": null,
      "version": "6.2.0"
    }
  }
}