{
  "stats": {
    "suites": 2,
    "tests": 1,
    "passes": 1,
    "pending": 0,
    "failures": 0,
    "start": "2025-06-18T19:49:28.898Z",
    "end": "2025-06-18T19:49:29.458Z",
    "duration": 560,
    "testsRegistered": 1,
    "passPercent": 100,
    "pendingPercent": 0,
    "other": 0,
    "hasOther": false,
    "skipped": 0,
    "hasSkipped": false
  },
  "results": [
    {
      "uuid": "6678b6ff-b15b-44a0-b9e8-f2e76ee7a529",
      "title": "",
      "fullFile": "/home/runner/work/fitness-first-ical-proxy/fitness-first-ical-proxy/test/lib/index.ts",
      "file": "/test/lib/index.ts",
      "beforeHooks": [],
      "afterHooks": [],
      "tests": [],
      "suites": [
        {
          "uuid": "51a1737c-52f5-4d18-8407-6df0d56fdd2d",
          "title": "FitnessFirstIcalProxy",
          "fullFile": "/home/runner/work/fitness-first-ical-proxy/fitness-first-ical-proxy/test/lib/index.ts",
          "file": "/test/lib/index.ts",
          "beforeHooks": [],
          "afterHooks": [],
          "tests": [],
          "suites": [
            {
              "uuid": "8e434aca-a333-41ca-8c9a-be8be1dea765",
              "title": "request()",
              "fullFile": "/home/runner/work/fitness-first-ical-proxy/fitness-first-ical-proxy/test/lib/index.ts",
              "file": "/test/lib/index.ts",
              "beforeHooks": [],
              "afterHooks": [],
              "tests": [
                {
                  "title": "should work without error",
                  "fullTitle": "FitnessFirstIcalProxy request() should work without error",
                  "timedOut": false,
                  "duration": 556,
                  "state": "passed",
                  "speed": "slow",
                  "pass": true,
                  "fail": false,
                  "pending": false,
                  "context": null,
                  "code": "const calendar=await FitnessFirstIcalProxy.request({category_id:\"aqua\",club_id:\"96\"});assert.ok(calendar.length()>0)",
                  "err": {},
                  "uuid": "bc06bb70-c2d4-4955-b07c-68dfd88ab1ce",
                  "parentUUID": "8e434aca-a333-41ca-8c9a-be8be1dea765",
                  "isHook": false,
                  "skipped": false
                }
              ],
              "suites": [],
              "passes": [
                "bc06bb70-c2d4-4955-b07c-68dfd88ab1ce"
              ],
              "failures": [],
              "pending": [],
              "skipped": [],
              "duration": 556,
              "root": false,
              "rootEmpty": false,
              "_timeout": 10000
            }
          ],
          "passes": [],
          "failures": [],
          "pending": [],
          "skipped": [],
          "duration": 0,
          "root": false,
          "rootEmpty": false,
          "_timeout": 10000
        }
      ],
      "passes": [],
      "failures": [],
      "pending": [],
      "skipped": [],
      "duration": 0,
      "root": true,
      "rootEmpty": true,
      "_timeout": 2000
    }
  ],
  "meta": {
    "mocha": {
      "version": "11.5.0"
    },
    "mochawesome": {
      "options": {
        "quiet": false,
        "reportFilename": "mochawesome",
        "saveHtml": true,
        "saveJson": true,
        "consoleReporter": "spec",
        "useInlineDiffs": false,
        "code": true
      },
      "version": "7.1.3"
    },
    "marge": {
      "options": null,
      "version": "6.2.0"
    }
  }
}